<?xml version="1.0" encoding="UTF-8"?>
<robot generator="Robot 7.0.1 (Python 3.8.2rc2 on win32)" generated="2024-07-03T16:22:55.895162" rpa="false" schemaversion="5">
<suite id="s1" name="UserManagement" source="C:\Users\hp\desktop\PhpTravels-Automation-Tests\UserManagement.robot">
<kw name="Open Browser And Navigate To Login" type="SETUP">
<kw name="Open Browser" owner="SeleniumLibrary">
<msg time="2024-07-03T16:22:56.312163" level="INFO">Opening browser 'Chrome' to base url 'https://www.phptravels.net/login'.</msg>
<msg time="2024-07-03T16:24:03.296360" level="WARN">Error sending stats to Plausible: error sending request for url (https://plausible.io/api/event)</msg>
<arg>${LOGIN_PAGE_URL}</arg>
<arg>${BROWSER}</arg>
<doc>Opens a new browser instance to the optional ``url``.</doc>
<status status="PASS" start="2024-07-03T16:22:56.300200" elapsed="73.739790"/>
</kw>
<kw name="Maximize Browser Window" owner="SeleniumLibrary">
<doc>Maximizes current browser window.</doc>
<status status="PASS" start="2024-07-03T16:24:10.039990" elapsed="14.275469"/>
</kw>
<status status="PASS" start="2024-07-03T16:22:56.299161" elapsed="88.016298"/>
</kw>
<test id="s1-t1" name="UL_TC02 User Login with Invalid Credentials" line="41">
<kw name="Enter Credentials">
<kw name="Input Text" owner="SeleniumLibrary">
<msg time="2024-07-03T16:24:24.319445" level="INFO">Typing text 'invalid@example.com' into text field 'id=email'.</msg>
<arg>${LoginEmailField}</arg>
<arg>${emailValue}</arg>
<doc>Types the given ``text`` into the text field identified by ``locator``.</doc>
<status status="PASS" start="2024-07-03T16:24:24.318454" elapsed="0.200990"/>
</kw>
<kw name="Input Text" owner="SeleniumLibrary">
<msg time="2024-07-03T16:24:24.519444" level="INFO">Typing text 'wrongpassword' into text field 'id=password'.</msg>
<arg>${LoginPasswordField}</arg>
<arg>${passwordValue}</arg>
<doc>Types the given ``text`` into the text field identified by ``locator``.</doc>
<status status="PASS" start="2024-07-03T16:24:24.519444" elapsed="0.124000"/>
</kw>
<arg>invalid@example.com</arg>
<arg>wrongpassword</arg>
<status status="PASS" start="2024-07-03T16:24:24.317442" elapsed="0.326002"/>
</kw>
<kw name="Click Button" owner="SeleniumLibrary">
<msg time="2024-07-03T16:24:24.644442" level="INFO">Clicking button 'id=submitBTN'.</msg>
<arg>${loginButton}</arg>
<doc>Clicks the button identified by ``locator``.</doc>
<status status="PASS" start="2024-07-03T16:24:24.643444" elapsed="1.517832"/>
</kw>
<kw name="Wait Until Page Contains Element" owner="SeleniumLibrary">
<msg time="2024-07-03T16:24:31.524719" level="INFO" html="true">&lt;/td&gt;&lt;/tr&gt;&lt;tr&gt;&lt;td colspan="3"&gt;&lt;a href="selenium-screenshot-13.png"&gt;&lt;img src="selenium-screenshot-13.png" width="800px"&gt;&lt;/a&gt;</msg>
<msg time="2024-07-03T16:24:31.525719" level="FAIL">Element 'id=rememberchb timeout=10s' did not appear in 5 seconds.</msg>
<arg>id=rememberchb timeout=10s</arg>
<doc>Waits until the element ``locator`` appears on the current page.</doc>
<status status="FAIL" start="2024-07-03T16:24:26.162262" elapsed="5.405455">Element 'id=rememberchb timeout=10s' did not appear in 5 seconds.</status>
</kw>
<kw name="Log" owner="BuiltIn">
<arg>Error message should be displayed indicating invalid credentials, and user should not be logged in.</arg>
<doc>Logs the given message with the given level.</doc>
<status status="NOT RUN" start="2024-07-03T16:24:31.568720" elapsed="0.000000"/>
</kw>
<tag>Login</tag>
<status status="FAIL" start="2024-07-03T16:24:24.316475" elapsed="7.252245">Element 'id=rememberchb timeout=10s' did not appear in 5 seconds.</status>
</test>
<test id="s1-t2" name="UL_TC03 User Login with Locked Account" line="48">
<kw name="Enter Credentials">
<kw name="Input Text" owner="SeleniumLibrary">
<msg time="2024-07-03T16:24:31.572720" level="INFO">Typing text 'abduawol@gmail.com' into text field 'id=email'.</msg>
<arg>${LoginEmailField}</arg>
<arg>${emailValue}</arg>
<doc>Types the given ``text`` into the text field identified by ``locator``.</doc>
<status status="PASS" start="2024-07-03T16:24:31.571719" elapsed="0.145999"/>
</kw>
<kw name="Input Text" owner="SeleniumLibrary">
<msg time="2024-07-03T16:24:31.718720" level="INFO">Typing text 'knpass123' into text field 'id=password'.</msg>
<arg>${LoginPasswordField}</arg>
<arg>${passwordValue}</arg>
<doc>Types the given ``text`` into the text field identified by ``locator``.</doc>
<status status="PASS" start="2024-07-03T16:24:31.718720" elapsed="0.110997"/>
</kw>
<arg>abduawol@gmail.com</arg>
<arg>knpass123</arg>
<status status="PASS" start="2024-07-03T16:24:31.571719" elapsed="0.257998"/>
</kw>
<kw name="Click Button" owner="SeleniumLibrary">
<msg time="2024-07-03T16:24:31.830723" level="INFO">Clicking button 'id=submitBTN'.</msg>
<arg>${loginButton}</arg>
<doc>Clicks the button identified by ``locator``.</doc>
<status status="PASS" start="2024-07-03T16:24:31.829717" elapsed="1.804334"/>
</kw>
<kw name="Wait Until Page Contains Element" owner="SeleniumLibrary">
<msg time="2024-07-03T16:24:38.771622" level="INFO" html="true">&lt;/td&gt;&lt;/tr&gt;&lt;tr&gt;&lt;td colspan="3"&gt;&lt;a href="selenium-screenshot-14.png"&gt;&lt;img src="selenium-screenshot-14.png" width="800px"&gt;&lt;/a&gt;</msg>
<msg time="2024-07-03T16:24:38.772623" level="FAIL">Element 'id=rememberchb timeout=10s' did not appear in 5 seconds.</msg>
<arg>id=rememberchb timeout=10s</arg>
<doc>Waits until the element ``locator`` appears on the current page.</doc>
<status status="FAIL" start="2024-07-03T16:24:33.635035" elapsed="5.137588">Element 'id=rememberchb timeout=10s' did not appear in 5 seconds.</status>
</kw>
<kw name="Log" owner="BuiltIn">
<arg>Error message should be displayed indicating the account is locked, and user should not be logged in.</arg>
<doc>Logs the given message with the given level.</doc>
<status status="NOT RUN" start="2024-07-03T16:24:38.773623" elapsed="0.000000"/>
</kw>
<tag>Login</tag>
<status status="FAIL" start="2024-07-03T16:24:31.570718" elapsed="7.203905">Element 'id=rememberchb timeout=10s' did not appear in 5 seconds.</status>
</test>
<test id="s1-t3" name="UL_TC01 User Login with Valid Credentials" line="54">
<kw name="Enter Credentials">
<kw name="Input Text" owner="SeleniumLibrary">
<msg time="2024-07-03T16:24:38.777623" level="INFO">Typing text 'maajidawol@gmail.com' into text field 'id=email'.</msg>
<arg>${LoginEmailField}</arg>
<arg>${emailValue}</arg>
<doc>Types the given ``text`` into the text field identified by ``locator``.</doc>
<status status="PASS" start="2024-07-03T16:24:38.777623" elapsed="0.130001"/>
</kw>
<kw name="Input Text" owner="SeleniumLibrary">
<msg time="2024-07-03T16:24:38.908623" level="INFO">Typing text 'password123' into text field 'id=password'.</msg>
<arg>${LoginPasswordField}</arg>
<arg>${passwordValue}</arg>
<doc>Types the given ``text`` into the text field identified by ``locator``.</doc>
<status status="PASS" start="2024-07-03T16:24:38.907624" elapsed="0.083000"/>
</kw>
<arg>maajidawol@gmail.com</arg>
<arg>password123</arg>
<status status="PASS" start="2024-07-03T16:24:38.776622" elapsed="0.214002"/>
</kw>
<kw name="Click Button" owner="SeleniumLibrary">
<msg time="2024-07-03T16:24:38.991622" level="INFO">Clicking button 'id=submitBTN'.</msg>
<arg>${loginButton}</arg>
<doc>Clicks the button identified by ``locator``.</doc>
<status status="PASS" start="2024-07-03T16:24:38.991622" elapsed="1.548412"/>
</kw>
<kw name="Wait Until Page Contains Element" owner="SeleniumLibrary">
<msg time="2024-07-03T16:24:50.699263" level="INFO" html="true">&lt;/td&gt;&lt;/tr&gt;&lt;tr&gt;&lt;td colspan="3"&gt;&lt;a href="selenium-screenshot-15.png"&gt;&lt;img src="selenium-screenshot-15.png" width="800px"&gt;&lt;/a&gt;</msg>
<msg time="2024-07-03T16:24:50.699263" level="FAIL">Element 'class=author-content' did not appear in 10 seconds.</msg>
<arg>class=author-content</arg>
<arg>timeout=10s</arg>
<doc>Waits until the element ``locator`` appears on the current page.</doc>
<status status="FAIL" start="2024-07-03T16:24:40.541033" elapsed="10.159227">Element 'class=author-content' did not appear in 10 seconds.</status>
</kw>
<kw name="Log" owner="BuiltIn">
<arg>User should be logged in successfully and redirected to the dashboard.</arg>
<doc>Logs the given message with the given level.</doc>
<status status="NOT RUN" start="2024-07-03T16:24:50.701261" elapsed="0.000000"/>
</kw>
<tag>Login</tag>
<status status="FAIL" start="2024-07-03T16:24:38.775623" elapsed="11.925638">Element 'class=author-content' did not appear in 10 seconds.</status>
</test>
<kw name="Close Browser" owner="SeleniumLibrary" type="TEARDOWN">
<doc>Closes the current browser.</doc>
<status status="PASS" start="2024-07-03T16:24:50.704261" elapsed="2.242513"/>
</kw>
<status status="FAIL" start="2024-07-03T16:22:55.897163" elapsed="117.049611"/>
</suite>
<statistics>
<total>
<stat pass="0" fail="3" skip="0">All Tests</stat>
</total>
<tag>
<stat pass="0" fail="3" skip="0">Login</stat>
</tag>
<suite>
<stat pass="0" fail="3" skip="0" id="s1" name="UserManagement">UserManagement</stat>
</suite>
</statistics>
<errors>
<msg time="2024-07-03T16:24:03.296360" level="WARN">Error sending stats to Plausible: error sending request for url (https://plausible.io/api/event)</msg>
</errors>
</robot>
